Build started 2015/4/29 9:04:42.
     1>Project "d:\documents\visual studio 2010\Projects\DataStructureAndAlgorithm\SeqList\SeqList.vcxproj" on node 2 (build target(s)).
     1>InitializeBuildStatus:
         Creating "Debug\SeqList.unsuccessfulbuild" because "AlwaysCreate" was specified.
       ClCompile:
         d:\Program Files\Microsoft Visual Studio 10.0\VC\bin\CL.exe /c /ZI /nologo /W3 /WX- /Od /Oy- /D WIN32 /D _DEBUG /D _CONSOLE /D _UNICODE /D UNICODE /Gm /EHsc /RTC1 /MDd /GS /fp:precise /Zc:wchar_t /Zc:forScope /Fo"Debug\\" /Fd"Debug\vc100.pdb" /Gd /TP /analyze- /errorReport:prompt SeqListTest.cpp
         SeqListTest.cpp
       ManifestResourceCompile:
         All outputs are up-to-date.
       Link:
         d:\Program Files\Microsoft Visual Studio 10.0\VC\bin\link.exe /ERRORREPORT:PROMPT /OUT:"d:\documents\visual studio 2010\Projects\DataStructureAndAlgorithm\Debug\SeqList.exe" /INCREMENTAL /NOLOGO kernel32.lib user32.lib gdi32.lib winspool.lib comdlg32.lib advapi32.lib shell32.lib ole32.lib oleaut32.lib uuid.lib odbc32.lib odbccp32.lib /MANIFEST /ManifestFile:"Debug\SeqList.exe.intermediate.manifest" /MANIFESTUAC:"level='asInvoker' uiAccess='false'" /DEBUG /PDB:"d:\documents\visual studio 2010\Projects\DataStructureAndAlgorithm\Debug\SeqList.pdb" /SUBSYSTEM:CONSOLE /TLBID:1 /DYNAMICBASE /NXCOMPAT /IMPLIB:"d:\documents\visual studio 2010\Projects\DataStructureAndAlgorithm\Debug\SeqList.lib" /MACHINE:X86 Debug\SeqList.exe.embed.manifest.res
         Debug\SeqListTest.obj
       Manifest:
         C:\Program Files\Microsoft SDKs\Windows\v7.0A\bin\mt.exe /nologo /verbose /out:"Debug\SeqList.exe.embed.manifest" /manifest Debug\SeqList.exe.intermediate.manifest
         All outputs are up-to-date.
       LinkEmbedManifest:
         All outputs are up-to-date.
         SeqList.vcxproj -> d:\documents\visual studio 2010\Projects\DataStructureAndAlgorithm\Debug\SeqList.exe
       FinalizeBuildStatus:
         Deleting file "Debug\SeqList.unsuccessfulbuild".
         Touching "Debug\SeqList.lastbuildstate".
     1>Done Building Project "d:\documents\visual studio 2010\Projects\DataStructureAndAlgorithm\SeqList\SeqList.vcxproj" (build target(s)).

Build succeeded.

Time Elapsed 00:00:01.69
